<?xml version="1.0" encoding="UTF-8"?>
<!-- Generated by org.testng.reporters.JUnitReportReporter -->
<testsuite skipped="0" hostname="LAPTOP-0Q65M2S0" name="Framework.HomePage" tests="1" failures="0" timestamp="2021-08-01T11:40:37 IST" time="13.507" errors="0">
  <testcase name="basePageNavigation" time="13.507" classname="Framework.HomePage"/>
  <system-out/>
</testsuite> <!-- Framework.HomePage -->
